<?xml version="1.0" encoding="UTF-8"?>
<testng-results skipped="0" failed="0" ignored="0" total="1" passed="1">
  <reporter-output>
  </reporter-output>
  <suite name="Surefire suite" duration-ms="31" started-at="2019-03-21T12:07:19Z" finished-at="2019-03-21T12:07:19Z">
    <groups>
    </groups>
    <test name="Surefire test" duration-ms="31" started-at="2019-03-21T12:07:19Z" finished-at="2019-03-21T12:07:19Z">
      <class name="Teste.teste.AppTest">
        <test-method status="PASS" signature="testApp()[pri:0, instance:testApp(Teste.teste.AppTest)]" name="testApp" duration-ms="2" started-at="2019-03-21T12:07:19Z" finished-at="2019-03-21T12:07:19Z">
          <reporter-output>
          </reporter-output>
        </test-method> <!-- testApp -->
      </class> <!-- Teste.teste.AppTest -->
    </test> <!-- Surefire test -->
  </suite> <!-- Surefire suite -->
</testng-results>
