<?xml version="1.0" encoding="UTF-8"?>
<testng-results skipped="0" failed="0" ignored="0" total="3" passed="3">
  <reporter-output>
  </reporter-output>
  <suite name="TestSuite" duration-ms="31694" started-at="2019-03-21T17:59:18Z" finished-at="2019-03-21T17:59:50Z">
    <groups>
    </groups>
    <test name="testGuru" duration-ms="31694" started-at="2019-03-21T17:59:18Z" finished-at="2019-03-21T17:59:50Z">
      <class name="Teste.teste.seleniumParallTestng">
        <test-method status="PASS" signature="executSessionOne()[pri:0, instance:Teste.teste.seleniumParallTestng@29774679]" name="executSessionOne" duration-ms="28900" started-at="2019-03-21T17:59:18Z" finished-at="2019-03-21T17:59:47Z">
          <reporter-output>
          </reporter-output>
        </test-method> <!-- executSessionOne -->
        <test-method status="PASS" signature="executSessionThree()[pri:0, instance:Teste.teste.seleniumParallTestng@29774679]" name="executSessionThree" duration-ms="10380" started-at="2019-03-21T17:59:18Z" finished-at="2019-03-21T17:59:29Z">
          <reporter-output>
          </reporter-output>
        </test-method> <!-- executSessionThree -->
        <test-method status="PASS" signature="executeSessionTwo()[pri:0, instance:Teste.teste.seleniumParallTestng@29774679]" name="executeSessionTwo" duration-ms="31646" started-at="2019-03-21T17:59:18Z" finished-at="2019-03-21T17:59:50Z">
          <reporter-output>
          </reporter-output>
        </test-method> <!-- executeSessionTwo -->
      </class> <!-- Teste.teste.seleniumParallTestng -->
    </test> <!-- testGuru -->
  </suite> <!-- TestSuite -->
</testng-results>
