<?xml version="1.0" encoding="UTF-8"?>
<!-- Generated by org.testng.reporters.JUnitXMLReporter -->
<testsuite hostname="N004776" ignored="0" name="testGuru" tests="3" failures="0" timestamp="21 mar 2019 17:59:50 GMT" time="31.694" errors="0">
  <testcase name="executSessionThree" time="10.38" classname="Teste.teste.seleniumParallTestng"/>
  <testcase name="executSessionOne" time="28.9" classname="Teste.teste.seleniumParallTestng"/>
  <testcase name="executeSessionTwo" time="31.646" classname="Teste.teste.seleniumParallTestng"/>
</testsuite> <!-- testGuru -->
